  test.cpp
..\..\darknet\arapaho\test.cpp(101): warning C4305: “=”: 从“double”到“float”截断
..\..\darknet\arapaho\test.cpp(185): warning C4305: “参数”: 从“double”到“float”截断
..\..\darknet\arapaho\test.cpp(230): warning C4244: “=”: 从“float”转换到“int”，可能丢失数据
..\..\darknet\arapaho\test.cpp(231): warning C4244: “=”: 从“float”转换到“int”，可能丢失数据
..\..\darknet\arapaho\test.cpp(232): warning C4244: “=”: 从“float”转换到“int”，可能丢失数据
..\..\darknet\arapaho\test.cpp(233): warning C4244: “=”: 从“float”转换到“int”，可能丢失数据
..\..\darknet\arapaho\test.cpp(76): warning C4996: '__p__pgmptr': This function or variable may be unsafe. Consider using _get_pgmptr instead. To disable deprecation, use _CRT_SECURE_NO_WARNINGS. See online help for details.
  C:\Program Files (x86)\Windows Kits\10\Include\10.0.10240.0\ucrt\stdlib.h(235): note: 参见“__p__pgmptr”的声明
..\..\darknet\arapaho\test.cpp(268): warning C4102: “clean_exit”: 未引用的标签
  正在生成代码
  7 of 335 functions ( 2.1%) were compiled, the rest were copied from previous compilation.
    0 functions were new in current compilation
    0 functions had inline decision re-evaluated but remain unchanged
  已完成代码的生成
  arapaho_cuda91.vcxproj -> D:\project\body\darknet-cpp-windows\arapaho_cuda91\..\bin\win64\Release\arapaho_cuda91.exe
  arapaho_cuda91.vcxproj -> ..\bin\win64\Release\arapaho_cuda91.pdb (Full PDB)
  copy "C:\Program Files\NVIDIA GPU Computing Toolkit\CUDA\v9.0\bin\cudart*.dll" "..\bin\win64\Release\"
  C:\Program Files\NVIDIA GPU Computing Toolkit\CUDA\v9.0\bin\cudart32_90.dll
  C:\Program Files\NVIDIA GPU Computing Toolkit\CUDA\v9.0\bin\cudart64_90.dll
  已复制         2 个文件。
